c:\users\menrit.mosaad\desktop\lab 7 (1)\lab 7\openglmeshloader\debug\vc120.pdb
c:\users\menrit.mosaad\desktop\lab 7 (1)\lab 7\openglmeshloader\debug\vc120.idb
c:\users\menrit.mosaad\desktop\lab 7 (1)\lab 7\openglmeshloader\debug\gltexture.obj
c:\users\menrit.mosaad\desktop\lab 7 (1)\lab 7\openglmeshloader\debug\model_3ds.obj
c:\users\menrit.mosaad\desktop\lab 7 (1)\lab 7\openglmeshloader\debug\openglmeshloader.obj
c:\users\menrit.mosaad\desktop\lab 7 (1)\lab 7\openglmeshloader\debug\openglmeshloader.exe
c:\users\menrit.mosaad\desktop\lab 7 (1)\lab 7\openglmeshloader\debug\openglmeshloader.pdb
c:\users\marawan\desktop\lab_7\lab 7\openglmeshloader\debug\gltexture.obj
c:\users\marawan\desktop\lab_7\lab 7\openglmeshloader\debug\model_3ds.obj
c:\users\marawan\desktop\lab_7\lab 7\openglmeshloader\debug\openglmeshloader.obj
c:\users\marawan\desktop\lab_7\lab 7\openglmeshloader\debug\vc120.idb
c:\users\marawan\desktop\lab_7\lab 7\openglmeshloader\debug\vc141.idb
c:\users\marawan\desktop\lab_7\lab 7\openglmeshloader\debug\openglmeshloader.pdb
c:\users\marawan\desktop\lab_7\lab 7\openglmeshloader\debug\vc120.pdb
c:\users\marawan\desktop\lab_7\lab 7\openglmeshloader\debug\vc141.pdb
c:\users\marawan\desktop\lab_7\lab 7\openglmeshloader\debug\openglmeshloader.exe
c:\users\marawan\desktop\lab_7\lab 7\openglmeshloader\debug\openglmeshloader.tlog\cl.command.1.tlog
c:\users\marawan\desktop\lab_7\lab 7\openglmeshloader\debug\openglmeshloader.tlog\cl.read.1.tlog
c:\users\marawan\desktop\lab_7\lab 7\openglmeshloader\debug\openglmeshloader.tlog\cl.write.1.tlog
c:\users\marawan\desktop\lab_7\lab 7\openglmeshloader\debug\openglmeshloader.tlog\link.command.1.tlog
c:\users\marawan\desktop\lab_7\lab 7\openglmeshloader\debug\openglmeshloader.tlog\link.read.1.tlog
c:\users\marawan\desktop\lab_7\lab 7\openglmeshloader\debug\openglmeshloader.tlog\link.write.1.tlog
